DEBUG:urllib3.connectionpool:Starting new HTTPS connection (1): slack.com
DEBUG:urllib3.connectionpool:https://slack.com:443 "POST /api/rtm.start HTTP/1.1" 200 4886
DEBUG:urllib3.connectionpool:Starting new HTTPS connection (1): slack.com
DEBUG:urllib3.connectionpool:https://slack.com:443 "POST /api/rtm.start HTTP/1.1" 200 4886
DEBUG:urllib3.connectionpool:Starting new HTTPS connection (1): slack.com
DEBUG:urllib3.connectionpool:https://slack.com:443 "POST /api/rtm.start HTTP/1.1" 200 4885
DEBUG:urllib3.connectionpool:Starting new HTTPS connection (1): slack.com
DEBUG:urllib3.connectionpool:https://slack.com:443 "POST /api/rtm.start HTTP/1.1" 200 4885
DEBUG:urllib3.connectionpool:Starting new HTTPS connection (1): slack.com
DEBUG:urllib3.connectionpool:https://slack.com:443 "POST /api/rtm.start HTTP/1.1" 200 4884
DEBUG:urllib3.connectionpool:Starting new HTTPS connection (1): slack.com
DEBUG:urllib3.connectionpool:https://slack.com:443 "POST /api/rtm.start HTTP/1.1" 200 4886
DEBUG:urllib3.connectionpool:Starting new HTTPS connection (1): slack.com
DEBUG:urllib3.connectionpool:https://slack.com:443 "POST /api/rtm.start HTTP/1.1" 200 4887
DEBUG:urllib3.connectionpool:Starting new HTTPS connection (1): slack.com
DEBUG:urllib3.connectionpool:https://slack.com:443 "POST /api/rtm.start HTTP/1.1" 200 4884
DEBUG:urllib3.connectionpool:Starting new HTTPS connection (1): slack.com
DEBUG:urllib3.connectionpool:https://slack.com:443 "POST /api/rtm.start HTTP/1.1" 200 4883
DEBUG:urllib3.connectionpool:Starting new HTTPS connection (1): slack.com
DEBUG:urllib3.connectionpool:https://slack.com:443 "POST /api/rtm.start HTTP/1.1" 200 4883
DEBUG:urllib3.connectionpool:Starting new HTTPS connection (1): slack.com
DEBUG:urllib3.connectionpool:https://slack.com:443 "POST /api/rtm.start HTTP/1.1" 200 4882
DEBUG:urllib3.connectionpool:Starting new HTTPS connection (1): slack.com
DEBUG:urllib3.connectionpool:https://slack.com:443 "POST /api/rtm.start HTTP/1.1" 200 4886
DEBUG:urllib3.connectionpool:Starting new HTTPS connection (1): slack.com
DEBUG:urllib3.connectionpool:https://slack.com:443 "POST /api/rtm.start HTTP/1.1" 200 4883
DEBUG:urllib3.connectionpool:Starting new HTTPS connection (1): slack.com
DEBUG:urllib3.connectionpool:https://slack.com:443 "POST /api/rtm.start HTTP/1.1" 200 4889
DEBUG:urllib3.connectionpool:Starting new HTTPS connection (1): slack.com
DEBUG:urllib3.connectionpool:https://slack.com:443 "POST /api/rtm.start HTTP/1.1" 200 4885
DEBUG:urllib3.connectionpool:Starting new HTTPS connection (1): slack.com
DEBUG:urllib3.connectionpool:https://slack.com:443 "POST /api/rtm.start HTTP/1.1" 200 4887
DEBUG:urllib3.connectionpool:Starting new HTTPS connection (1): slack.com
DEBUG:urllib3.connectionpool:https://slack.com:443 "POST /api/rtm.start HTTP/1.1" 200 4887
DEBUG:urllib3.connectionpool:Starting new HTTPS connection (1): slack.com
DEBUG:urllib3.connectionpool:https://slack.com:443 "POST /api/rtm.start HTTP/1.1" 200 4887
INFO:slackbot_log:
Received Message: hi
DEBUG:urllib3.connectionpool:Starting new HTTPS connection (1): watson-personal-assistant-toolkit.mybluemix.net
DEBUG:urllib3.connectionpool:https://watson-personal-assistant-toolkit.mybluemix.net:443 "POST /v1/api/avatar/auto/converse?api_key=5fd96d3c-4129-06a5-7a5e-515a0375f2ae HTTP/1.1" 404 None
DEBUG:urllib3.connectionpool:Starting new HTTPS connection (1): slack.com
DEBUG:urllib3.connectionpool:https://slack.com:443 "POST /api/rtm.start HTTP/1.1" 200 4890
INFO:slackbot_log:
Received Message: hi
DEBUG:urllib3.connectionpool:Starting new HTTPS connection (1): watson-personal-assistant-toolkit.mybluemix.net
DEBUG:urllib3.connectionpool:https://watson-personal-assistant-toolkit.mybluemix.net:443 "POST /v1/api/avatar/auto-demo/converse?api_key=5fd96d3c-4129-06a5-7a5e-515a0375f2ae HTTP/1.1" 200 None
INFO:slackbot_log:Responded: b'Hello, how can I help?\n*Card Data:*\n```\n{"type": "autodemo: greeting", "content": {"monetization": false, "otherData": ""}}\n```\n'

DEBUG:urllib3.connectionpool:Starting new HTTPS connection (1): slack.com
DEBUG:urllib3.connectionpool:https://slack.com:443 "POST /api/chat.postMessage HTTP/1.1" 200 240
INFO:slackbot_log:
Received Message: what can you do?
DEBUG:urllib3.connectionpool:Starting new HTTPS connection (1): watson-personal-assistant-toolkit.mybluemix.net
DEBUG:urllib3.connectionpool:https://watson-personal-assistant-toolkit.mybluemix.net:443 "POST /v1/api/avatar/auto-demo/converse?api_key=5fd96d3c-4129-06a5-7a5e-515a0375f2ae HTTP/1.1" 200 None
INFO:slackbot_log:Responded: b'I can help with your to do list, calendar, messages on Slack, and other queries related to the demo.\n*Card Data:*\n```\n{"type": "autodemo: what-is", "content": {"monetization": false, "otherData": ""}}\n```\n'

DEBUG:urllib3.connectionpool:Starting new HTTPS connection (1): slack.com
DEBUG:urllib3.connectionpool:https://slack.com:443 "POST /api/chat.postMessage HTTP/1.1" 200 282
INFO:slackbot_log:
Received Message: where can I get a beer
DEBUG:urllib3.connectionpool:Starting new HTTPS connection (1): watson-personal-assistant-toolkit.mybluemix.net
DEBUG:urllib3.connectionpool:https://watson-personal-assistant-toolkit.mybluemix.net:443 "POST /v1/api/avatar/auto-demo/converse?api_key=5fd96d3c-4129-06a5-7a5e-515a0375f2ae HTTP/1.1" 200 None
INFO:slackbot_log:Responded: b'I am sorry but I do not understand the question.\n*Card Data:*\n```\nnull\n```\n'

DEBUG:urllib3.connectionpool:Starting new HTTPS connection (1): slack.com
DEBUG:urllib3.connectionpool:https://slack.com:443 "POST /api/chat.postMessage HTTP/1.1" 200 199
INFO:slackbot_log:
Received Message: where can I get a beer
DEBUG:urllib3.connectionpool:Starting new HTTPS connection (1): watson-personal-assistant-toolkit.mybluemix.net
DEBUG:urllib3.connectionpool:https://watson-personal-assistant-toolkit.mybluemix.net:443 "POST /v1/api/avatar/auto-demo/converse?api_key=5fd96d3c-4129-06a5-7a5e-515a0375f2ae HTTP/1.1" 200 None
INFO:slackbot_log:Responded: b'I am sorry. I did not understand. Could you please try another question?\n*Card Data:*\n```\nnull\n```\n'

DEBUG:urllib3.connectionpool:Starting new HTTPS connection (1): slack.com
DEBUG:urllib3.connectionpool:https://slack.com:443 "POST /api/chat.postMessage HTTP/1.1" 200 221
DEBUG:urllib3.connectionpool:Starting new HTTPS connection (1): slack.com
DEBUG:urllib3.connectionpool:https://slack.com:443 "POST /api/rtm.start HTTP/1.1" 200 4887
INFO:slackbot_log:
Received Message: how many calories in an egg
DEBUG:urllib3.connectionpool:Starting new HTTPS connection (1): dev-sagan-hub.mybluemix.net
DEBUG:urllib3.connectionpool:https://dev-sagan-hub.mybluemix.net:443 "POST /v1/api/avatar/troyCollection/converse?api_key=510e666b-8bd9-4d5d-b080-d89501232847 HTTP/1.1" 404 None
DEBUG:urllib3.connectionpool:Starting new HTTPS connection (1): slack.com
DEBUG:urllib3.connectionpool:https://slack.com:443 "POST /api/rtm.start HTTP/1.1" 200 4885
INFO:slackbot_log:
Received Message: how many calories in an egg
DEBUG:urllib3.connectionpool:Starting new HTTPS connection (1): dev-sagan-hub.mybluemix.net
DEBUG:urllib3.connectionpool:https://dev-sagan-hub.mybluemix.net:443 "POST /v2/api/converse/expertiseCollection/troyCollection?api_key=510e666b-8bd9-4d5d-b080-d89501232847 HTTP/1.1" 200 None
DEBUG:urllib3.connectionpool:Starting new HTTPS connection (1): slack.com
DEBUG:urllib3.connectionpool:https://slack.com:443 "POST /api/rtm.start HTTP/1.1" 200 4867
INFO:slackbot_log:
Received Message: how many calories in an egg
DEBUG:urllib3.connectionpool:Starting new HTTPS connection (1): dev-sagan-hub.mybluemix.net
DEBUG:urllib3.connectionpool:https://dev-sagan-hub.mybluemix.net:443 "POST /v2/api/converse/expertiseCollection/troyCollection?api_key=510e666b-8bd9-4d5d-b080-d89501232847 HTTP/1.1" 200 None
DEBUG:urllib3.connectionpool:Starting new HTTPS connection (1): slack.com
DEBUG:urllib3.connectionpool:https://slack.com:443 "POST /api/rtm.start HTTP/1.1" 200 4888
INFO:slackbot_log:
Received Message: how many calories in an egg
DEBUG:urllib3.connectionpool:Starting new HTTPS connection (1): dev-sagan-hub.mybluemix.net
DEBUG:urllib3.connectionpool:https://dev-sagan-hub.mybluemix.net:443 "POST /v2/api/converse/expertiseCollection/troyCollection?api_key=510e666b-8bd9-4d5d-b080-d89501232847 HTTP/1.1" 200 None
DEBUG:urllib3.connectionpool:Starting new HTTPS connection (1): slack.com
DEBUG:urllib3.connectionpool:https://slack.com:443 "POST /api/rtm.start HTTP/1.1" 200 4889
INFO:slackbot_log:
Received Message: how many calories in an egg
DEBUG:urllib3.connectionpool:Starting new HTTPS connection (1): dev-sagan-hub.mybluemix.net
DEBUG:urllib3.connectionpool:https://dev-sagan-hub.mybluemix.net:443 "POST /v2/api/converse/expertiseCollection/troyCollection?api_key=510e666b-8bd9-4d5d-b080-d89501232847 HTTP/1.1" 200 None
INFO:slackbot_log:Responded: b'50 gram egg has 78 calories'

DEBUG:urllib3.connectionpool:Starting new HTTPS connection (1): slack.com
DEBUG:urllib3.connectionpool:https://slack.com:443 "POST /api/chat.postMessage HTTP/1.1" 200 164
DEBUG:urllib3.connectionpool:Starting new HTTPS connection (1): slack.com
DEBUG:urllib3.connectionpool:https://slack.com:443 "POST /api/rtm.start HTTP/1.1" 200 4880
INFO:slackbot_log:
Received Message: how many calories in an apple
DEBUG:urllib3.connectionpool:Starting new HTTPS connection (1): dev-sagan-hub.mybluemix.net
DEBUG:urllib3.connectionpool:https://dev-sagan-hub.mybluemix.net:443 "POST /v2/api/converse/expertiseCollection/troyCollection?api_key=510e666b-8bd9-4d5d-b080-d89501232847 HTTP/1.1" 200 None
INFO:slackbot_log:Responded: b'100 gram apple has 52 calories'

DEBUG:urllib3.connectionpool:Starting new HTTPS connection (1): slack.com
DEBUG:urllib3.connectionpool:https://slack.com:443 "POST /api/chat.postMessage HTTP/1.1" 200 166
INFO:slackbot_log:
Received Message: how many calories in a grape
DEBUG:urllib3.connectionpool:Starting new HTTPS connection (1): dev-sagan-hub.mybluemix.net
DEBUG:urllib3.connectionpool:https://dev-sagan-hub.mybluemix.net:443 "POST /v2/api/converse/expertiseCollection/troyCollection?api_key=510e666b-8bd9-4d5d-b080-d89501232847 HTTP/1.1" 200 None
INFO:slackbot_log:Responded: b'100 gram grape has 67 calories'

DEBUG:urllib3.connectionpool:Starting new HTTPS connection (1): slack.com
DEBUG:urllib3.connectionpool:https://slack.com:443 "POST /api/chat.postMessage HTTP/1.1" 200 166
DEBUG:urllib3.connectionpool:Starting new HTTPS connection (1): slack.com
DEBUG:urllib3.connectionpool:https://slack.com:443 "POST /api/rtm.start HTTP/1.1" 200 4889
